Build started 12/1/2011 3:09:20 PM.
     1>Project "D:\Src\opencv231test\svmtestcmake\bin\SVM.vcxproj" on node 3 (build target(s)).
     1>InitializeBuildStatus:
         Creating "SVM.dir\Debug\SVM.unsuccessfulbuild" because "AlwaysCreate" was specified.
       CustomBuild:
         Building Custom Rule D:/Src/opencv231test/svmtestcmake/src/CMakeLists.txt
         CMake does not need to re-run because D:\Src\opencv231test\svmtestcmake\bin\CMakeFiles\generate.stamp is up-to-date.
       ClCompile:
         C:\Program Files (x86)\Microsoft Visual Studio 10.0\VC\bin\x86_amd64\CL.exe /c /IC:/opencv231/vc64 /IC:/opencv231/opencv/include /IC:/opencv231/opencv/include/opencv /IC:/opencv231/opencv/modules/gpu/include /IC:/opencv231/opencv/modules/contrib/include /IC:/opencv231/opencv/modules/legacy/include /IC:/opencv231/opencv/modules/objdetect/include /IC:/opencv231/opencv/modules/calib3d/include /IC:/opencv231/opencv/modules/features2d/include /IC:/opencv231/opencv/modules/video/include /IC:/opencv231/opencv/modules/highgui/include /IC:/opencv231/opencv/modules/ml/include /IC:/opencv231/opencv/modules/imgproc/include /IC:/opencv231/opencv/modules/flann/include /IC:/opencv231/opencv/modules/core/include /Zi /nologo /W3 /WX- /Od /Ob0 /D WIN32 /D _WINDOWS /D _DEBUG /D "CMAKE_INTDIR=\"Debug\"" /D _MBCS /Gm- /EHsc /RTC1 /MDd /GS /fp:precise /Zc:wchar_t /Zc:forScope /GR /Fo"SVM.dir\Debug\\" /Fd"D:/Src/opencv231test/svmtestcmake/bin/Debug/SVM.pdb" /Gd /TP /errorReport:prompt D:\Src\opencv231test\svmtestcmake\src\svm.cpp  /Zm1000 
         svm.cpp
       ManifestResourceCompile:
         C:\Program Files (x86)\Microsoft SDKs\Windows\v7.0A\bin\rc.exe /nologo /fo"SVM.dir\Debug\SVM.exe.embed.manifest.res" SVM.dir\Debug\SVM_manifest.rc 
       Link:
         C:\Program Files (x86)\Microsoft Visual Studio 10.0\VC\bin\x86_amd64\link.exe /ERRORREPORT:PROMPT /OUT:"D:\Src\opencv231test\svmtestcmake\bin\Debug\SVM.exe" /INCREMENTAL /NOLOGO /LIBPATH:C:/opencv231/vc64/lib /LIBPATH:C:/opencv231/vc64/lib/Debug kernel32.lib user32.lib gdi32.lib winspool.lib shell32.lib ole32.lib oleaut32.lib uuid.lib comdlg32.lib advapi32.lib opencv_gpu231d.lib opencv_contrib231d.lib opencv_legacy231d.lib opencv_objdetect231d.lib opencv_calib3d231d.lib opencv_features2d231d.lib opencv_video231d.lib opencv_highgui231d.lib opencv_ml231d.lib opencv_imgproc231d.lib opencv_flann231d.lib opencv_core231d.lib /MANIFEST /ManifestFile:"SVM.dir\Debug\SVM.exe.intermediate.manifest" /MANIFESTUAC:"level='asInvoker' uiAccess='false'" /DEBUG /PDB:"D:\Src\opencv231test\svmtestcmake\bin\Debug\SVM.pdb" /SUBSYSTEM:CONSOLE /STACK:"10000000" /TLBID:1 /DYNAMICBASE /NXCOMPAT /IMPLIB:"D:/Src/opencv231test/svmtestcmake/bin/Debug/SVM.lib" /MACHINE:X64 SVM.dir\Debug\SVM.exe.embed.manifest.res
         SVM.dir\Debug\svm.obj  /machine:x64 /debug 
         SVM.vcxproj -> D:\Src\opencv231test\svmtestcmake\bin\Debug\SVM.exe
       Manifest:
         C:\Program Files (x86)\Microsoft SDKs\Windows\v7.0A\bin\mt.exe /nologo /verbose /out:"SVM.dir\Debug\SVM.exe.embed.manifest" /manifest SVM.dir\Debug\SVM.exe.intermediate.manifest
         C:\Program Files (x86)\Microsoft SDKs\Windows\v7.0A\bin\rc.exe /nologo /fo"SVM.dir\Debug\SVM.exe.embed.manifest.res" SVM.dir\Debug\SVM_manifest.rc 
       LinkEmbedManifest:
         C:\Program Files (x86)\Microsoft Visual Studio 10.0\VC\bin\x86_amd64\link.exe /ERRORREPORT:PROMPT /OUT:"D:\Src\opencv231test\svmtestcmake\bin\Debug\SVM.exe" /INCREMENTAL /NOLOGO /LIBPATH:C:/opencv231/vc64/lib /LIBPATH:C:/opencv231/vc64/lib/Debug kernel32.lib user32.lib gdi32.lib winspool.lib shell32.lib ole32.lib oleaut32.lib uuid.lib comdlg32.lib advapi32.lib opencv_gpu231d.lib opencv_contrib231d.lib opencv_legacy231d.lib opencv_objdetect231d.lib opencv_calib3d231d.lib opencv_features2d231d.lib opencv_video231d.lib opencv_highgui231d.lib opencv_ml231d.lib opencv_imgproc231d.lib opencv_flann231d.lib opencv_core231d.lib /MANIFEST /ManifestFile:"SVM.dir\Debug\SVM.exe.intermediate.manifest" /MANIFESTUAC:"level='asInvoker' uiAccess='false'" /DEBUG /PDB:"D:\Src\opencv231test\svmtestcmake\bin\Debug\SVM.pdb" /SUBSYSTEM:CONSOLE /STACK:"10000000" /TLBID:1 /DYNAMICBASE /NXCOMPAT /IMPLIB:"D:/Src/opencv231test/svmtestcmake/bin/Debug/SVM.lib" /MACHINE:X64 SVM.dir\Debug\SVM.exe.embed.manifest.res
         SVM.dir\Debug\svm.obj  /machine:x64 /debug 
         SVM.vcxproj -> D:\Src\opencv231test\svmtestcmake\bin\Debug\SVM.exe
       FinalizeBuildStatus:
         Deleting file "SVM.dir\Debug\SVM.unsuccessfulbuild".
         Touching "SVM.dir\Debug\SVM.lastbuildstate".
     1>Done Building Project "D:\Src\opencv231test\svmtestcmake\bin\SVM.vcxproj" (build target(s)).

Build succeeded.

Time Elapsed 00:00:03.23
